21:28:24.047 [background-preinit] INFO  o.h.validator.internal.util.Version - HV000001: Hibernate Validator 6.2.0.Final
21:28:24.059 [main] INFO  c.e.t.sportsbetting.Application - Starting Application using Java 1.8.0_201 on DESKTOP-ONL8U0P with PID 6288 (C:\Users\infi (not weeb)\Documents\git\mep\sportsbetting-application-mvc\sportsbetting-application-web\target\classes started by infi (not weeb) in C:\Users\infi (not weeb)\Documents\git\mep\sportsbetting-application-mvc)
21:28:24.059 [main] INFO  c.e.t.sportsbetting.Application - No active profile set, falling back to default profiles: default
21:28:24.885 [main] INFO  o.s.d.r.c.RepositoryConfigurationDelegate - Bootstrapping Spring Data JPA repositories in DEFAULT mode.
21:28:24.987 [main] INFO  o.s.d.r.c.RepositoryConfigurationDelegate - Finished Spring Data repository scanning in 88 ms. Found 6 JPA repository interfaces.
21:28:26.216 [main] INFO  o.s.b.w.e.tomcat.TomcatWebServer - Tomcat initialized with port(s): 8080 (http)
21:28:26.229 [main] INFO  o.a.coyote.http11.Http11NioProtocol - Initializing ProtocolHandler ["http-nio-8080"]
21:28:26.230 [main] INFO  o.a.catalina.core.StandardService - Starting service [Tomcat]
21:28:26.233 [main] INFO  o.a.catalina.core.StandardEngine - Starting Servlet engine: [Apache Tomcat/9.0.56]
21:28:26.371 [main] INFO  o.a.c.c.C.[Tomcat].[localhost].[/] - Initializing Spring embedded WebApplicationContext
21:28:26.371 [main] INFO  o.s.b.w.s.c.ServletWebServerApplicationContext - Root WebApplicationContext: initialization completed in 2255 ms
21:28:26.411 [main] INFO  com.zaxxer.hikari.HikariDataSource - HikariPool-1 - Starting...
21:28:26.645 [main] INFO  com.zaxxer.hikari.HikariDataSource - HikariPool-1 - Start completed.
21:28:26.657 [main] INFO  o.s.b.a.h.H2ConsoleAutoConfiguration - H2 console available at '/h2-console'. Database available at 'jdbc:h2:mem:testdb'
21:28:26.857 [main] INFO  o.h.jpa.internal.util.LogHelper - HHH000204: Processing PersistenceUnitInfo [name: default]
21:28:26.934 [main] INFO  org.hibernate.Version - HHH000412: Hibernate ORM core version 5.6.4.Final
21:28:27.260 [main] INFO  o.h.annotations.common.Version - HCANN000001: Hibernate Commons Annotations {5.1.2.Final}
21:28:27.716 [main] INFO  org.hibernate.dialect.Dialect - HHH000400: Using dialect: org.hibernate.dialect.H2Dialect
21:28:27.943 [main] WARN  org.hibernate.cfg.AnnotationBinder - HHH000457: Joined inheritance hierarchy [com.epam.training.sportsbetting.domain.SportEvent] defined explicit @DiscriminatorColumn.  Legacy Hibernate behavior was to ignore the @DiscriminatorColumn.  However, as part of issue HHH-6911 we now apply the explicit @DiscriminatorColumn.  If you would prefer the legacy behavior, enable the `hibernate.discriminator.ignore_explicit_for_joined` setting (hibernate.discriminator.ignore_explicit_for_joined=true)
21:28:28.749 [main] INFO  o.h.e.t.j.p.i.JtaPlatformInitiator - HHH000490: Using JtaPlatform implementation: [org.hibernate.engine.transaction.jta.platform.internal.NoJtaPlatform]
21:28:28.759 [main] INFO  o.s.o.j.LocalContainerEntityManagerFactoryBean - Initialized JPA EntityManagerFactory for persistence unit 'default'
21:28:29.510 [main] WARN  o.s.b.a.o.j.JpaBaseConfiguration$JpaWebConfiguration - spring.jpa.open-in-view is enabled by default. Therefore, database queries may be performed during view rendering. Explicitly configure spring.jpa.open-in-view to disable this warning
21:28:30.078 [main] INFO  o.s.s.web.DefaultSecurityFilterChain - Will secure any request with [org.springframework.security.web.context.request.async.WebAsyncManagerIntegrationFilter@13b272a, org.springframework.security.web.context.SecurityContextPersistenceFilter@1a8297b, org.springframework.security.web.header.HeaderWriterFilter@8c84eb, org.springframework.security.web.authentication.logout.LogoutFilter@e08a7a, org.springframework.security.web.authentication.UsernamePasswordAuthenticationFilter@2d0e41, org.springframework.security.web.savedrequest.RequestCacheAwareFilter@1cf5f8a, org.springframework.security.web.servletapi.SecurityContextHolderAwareRequestFilter@4136c1, org.springframework.security.web.authentication.AnonymousAuthenticationFilter@1b27ad3, org.springframework.security.web.session.SessionManagementFilter@3bb8b7, org.springframework.security.web.access.ExceptionTranslationFilter@11659dd, org.springframework.security.web.access.intercept.FilterSecurityInterceptor@27926b]
21:28:30.149 [main] INFO  o.a.coyote.http11.Http11NioProtocol - Starting ProtocolHandler ["http-nio-8080"]
21:28:30.166 [main] INFO  o.s.b.w.e.tomcat.TomcatWebServer - Tomcat started on port(s): 8080 (http) with context path ''
21:28:30.173 [main] INFO  c.e.t.sportsbetting.Application - Started Application in 6.548 seconds (JVM running for 7.2)
21:28:32.736 [http-nio-8080-exec-1] INFO  o.a.c.c.C.[Tomcat].[localhost].[/] - Initializing Spring DispatcherServlet 'dispatcherServlet'
21:28:32.736 [http-nio-8080-exec-1] INFO  o.s.web.servlet.DispatcherServlet - Initializing Servlet 'dispatcherServlet'
21:28:32.737 [http-nio-8080-exec-1] INFO  o.s.web.servlet.DispatcherServlet - Completed initialization in 1 ms
21:49:04.819 [SpringApplicationShutdownHook] INFO  o.s.o.j.LocalContainerEntityManagerFactoryBean - Closing JPA EntityManagerFactory for persistence unit 'default'
21:49:04.819 [SpringApplicationShutdownHook] INFO  o.h.t.s.i.SchemaDropperImpl$DelayedDropActionImpl - HHH000477: Starting delayed evictData of schema as part of SessionFactory shut-down'
21:49:04.824 [SpringApplicationShutdownHook] INFO  com.zaxxer.hikari.HikariDataSource - HikariPool-1 - Shutdown initiated...
21:49:04.826 [SpringApplicationShutdownHook] INFO  com.zaxxer.hikari.HikariDataSource - HikariPool-1 - Shutdown completed.
